#-----------------------------------------------------------
# Webtalk v2017.3.1 (64-bit)
# SW Build 2035080 on Fri Oct 20 14:20:01 MDT 2017
# 
# Start of session at: Fri Jan 26 20:18:43 2018
# Process ID: 4304
# Current directory: G:/XILINX/RoverClient/RoverClient_FPGA/RoverClient_FPGA.sdk/webtalk
# Command line: wbtcv.exe -mode batch -source sdk_webtalk.tcl
# Log file: G:/XILINX/RoverClient/RoverClient_FPGA/RoverClient_FPGA.sdk/webtalk/webtalk.log
# Journal file: G:/XILINX/RoverClient/RoverClient_FPGA/RoverClient_FPGA.sdk/webtalk\webtalk.jou
#-----------------------------------------------------------
source sdk_webtalk.tcl
# webtalk_init -webtalk_dir G:\\XILINX\\RoverClient\\RoverClient_FPGA\\RoverClient_FPGA.sdk\\webtalk
# webtalk_register_client -client project
# webtalk_add_data -client project -key date_generated -value "2018-01-26 20:18:41" -context "software_version_and_target_device"
# webtalk_add_data -client project -key product_version -value "SDK v2017.3" -context "software_version_and_target_device"
# webtalk_add_data -client project -key build_version -value "2017.3" -context "software_version_and_target_device"
# webtalk_add_data -client project -key os_platform -value "amd64" -context "software_version_and_target_device"
# webtalk_add_data -client project -key registration_id -value "211444376_1777530152_210669633_446" -context "software_version_and_target_device"
# webtalk_add_data -client project -key tool_flow -value "SDK" -context "software_version_and_target_device"
# webtalk_add_data -client project -key beta -value "false" -context "software_version_and_target_device"
# webtalk_add_data -client project -key route_design -value "NA" -context "software_version_and_target_device"
# webtalk_add_data -client project -key target_family -value "NA" -context "software_version_and_target_device"
# webtalk_add_data -client project -key target_device -value "NA" -context "software_version_and_target_device"
# webtalk_add_data -client project -key target_package -value "NA" -context "software_version_and_target_device"
# webtalk_add_data -client project -key target_speed -value "NA" -context "software_version_and_target_device"
# webtalk_add_data -client project -key random_id -value "ib95f1uanclrc4o1or034g3p6i" -context "software_version_and_target_device"
# webtalk_add_data -client project -key project_id -value "2017.3_10" -context "software_version_and_target_device"
# webtalk_add_data -client project -key project_iteration -value "10" -context "software_version_and_target_device"
# webtalk_add_data -client project -key os_name -value "Microsoft Windows 8 or later , 64-bit" -context "user_environment"
# webtalk_add_data -client project -key os_release -value "major release  (build 9200)" -context "user_environment"
# webtalk_add_data -client project -key cpu_name -value "AMD FX(tm)-8350 Eight-Core Processor           " -context "user_environment"
# webtalk_add_data -client project -key cpu_speed -value "4013 MHz" -context "user_environment"
# webtalk_add_data -client project -key total_processors -value "1" -context "user_environment"
# webtalk_add_data -client project -key system_ram -value "34.268 GB" -context "user_environment"
# webtalk_register_client -client sdk
# webtalk_add_data -client sdk -key uid -value "1517025798015" -context "sdk\\\\bsp/1517025798015"
# webtalk_add_data -client sdk -key hwid -value "1517025337366" -context "sdk\\\\bsp/1517025798015"
# webtalk_add_data -client sdk -key os -value "standalone" -context "sdk\\\\bsp/1517025798015"
# webtalk_add_data -client sdk -key apptemplate -value "zynq_fsbl" -context "sdk\\\\bsp/1517025798015"
# webtalk_add_data -client sdk -key RecordType -value "BSPCreation" -context "sdk\\\\bsp/1517025798015"
# webtalk_add_data -client sdk -key uid -value "1517025807608" -context "sdk\\\\application/1517025807608"
# webtalk_add_data -client sdk -key hwid -value "1517025337366" -context "sdk\\\\application/1517025807608"
# webtalk_add_data -client sdk -key bspid -value "1517025798015" -context "sdk\\\\application/1517025807608"
# webtalk_add_data -client sdk -key newbsp -value "true" -context "sdk\\\\application/1517025807608"
# webtalk_add_data -client sdk -key os -value "standalone" -context "sdk\\\\application/1517025807608"
# webtalk_add_data -client sdk -key apptemplate -value "zynq_fsbl" -context "sdk\\\\application/1517025807608"
# webtalk_add_data -client sdk -key RecordType -value "APPCreation" -context "sdk\\\\application/1517025807608"
# webtalk_add_data -client sdk -key LangUsed -value "C" -context "sdk\\\\application/1517025807608"
# webtalk_add_data -client sdk -key Procused -value "ps7_cortexa9" -context "sdk\\\\application/1517025807608"
# webtalk_add_data -client sdk -key uid -value "1517025950268" -context "sdk\\\\application/1517025950268"
# webtalk_add_data -client sdk -key hwid -value "1517025337366" -context "sdk\\\\application/1517025950268"
# webtalk_add_data -client sdk -key bspid -value "1517025360870" -context "sdk\\\\application/1517025950268"
# webtalk_add_data -client sdk -key newbsp -value "false" -context "sdk\\\\application/1517025950268"
# webtalk_add_data -client sdk -key os -value "standalone" -context "sdk\\\\application/1517025950268"
# webtalk_add_data -client sdk -key apptemplate -value "zynq_fsbl" -context "sdk\\\\application/1517025950268"
# webtalk_add_data -client sdk -key RecordType -value "APPCreation" -context "sdk\\\\application/1517025950268"
# webtalk_add_data -client sdk -key LangUsed -value "C" -context "sdk\\\\application/1517025950268"
# webtalk_add_data -client sdk -key Procused -value "ps7_cortexa9" -context "sdk\\\\application/1517025950268"
# webtalk_add_data -client sdk -key projSize -value "339.07421875" -context "sdk\\\\application/1517025950268"
# webtalk_add_data -client sdk -key uid -value "1517026081514" -context "sdk\\\\application/1517026081514"
# webtalk_add_data -client sdk -key hwid -value "1517025337366" -context "sdk\\\\application/1517026081514"
# webtalk_add_data -client sdk -key bspid -value "1517025360870" -context "sdk\\\\application/1517026081514"
# webtalk_add_data -client sdk -key newbsp -value "false" -context "sdk\\\\application/1517026081514"
# webtalk_add_data -client sdk -key os -value "standalone" -context "sdk\\\\application/1517026081514"
# webtalk_add_data -client sdk -key apptemplate -value "empty_application" -context "sdk\\\\application/1517026081514"
# webtalk_add_data -client sdk -key RecordType -value "APPCreation" -context "sdk\\\\application/1517026081514"
# webtalk_add_data -client sdk -key LangUsed -value "C" -context "sdk\\\\application/1517026081514"
# webtalk_add_data -client sdk -key Procused -value "ps7_cortexa9" -context "sdk\\\\application/1517026081514"
# webtalk_add_data -client sdk -key projSize -value "327.44921875" -context "sdk\\\\application/1517026081514"
# webtalk_add_data -client sdk -key uid -value "NA" -context "sdk\\\\bsp/1517026721039"
# webtalk_add_data -client sdk -key RecordType -value "ToolUsage" -context "sdk\\\\bsp/1517026721039"
# webtalk_add_data -client sdk -key BootgenCount -value "0" -context "sdk\\\\bsp/1517026721039"
# webtalk_add_data -client sdk -key DebugCount -value "0" -context "sdk\\\\bsp/1517026721039"
# webtalk_add_data -client sdk -key PerfCount -value "0" -context "sdk\\\\bsp/1517026721039"
# webtalk_add_data -client sdk -key FlashCount -value "0" -context "sdk\\\\bsp/1517026721039"
# webtalk_add_data -client sdk -key CrossTriggCount -value "0" -context "sdk\\\\bsp/1517026721039"
# webtalk_add_data -client sdk -key QemuDebugCount -value "0" -context "sdk\\\\bsp/1517026721039"
# webtalk_transmit -clientid 408846274 -regid "211444376_1777530152_210669633_446" -xml G:\\XILINX\\RoverClient\\RoverClient_FPGA\\RoverClient_FPGA.sdk\\webtalk\\usage_statistics_ext_sdk.xml -html G:\\XILINX\\RoverClient\\RoverClient_FPGA\\RoverClient_FPGA.sdk\\webtalk\\usage_statistics_ext_sdk.html -wdm G:\\XILINX\\RoverClient\\RoverClient_FPGA\\RoverClient_FPGA.sdk\\webtalk\\sdk_webtalk.wdm -intro "<H3>SDK Usage Report</H3><BR>"
# webtalk_terminate
INFO: [Common 17-206] Exiting Webtalk at Fri Jan 26 20:18:43 2018...
