22:49:52 INFO  : Registering command handlers for SDK TCF services
22:49:53 INFO  : Launching XSCT server: xsct.bat -interactive G:\XILINX\EchoSmall\EchoSmall.sdk\temp_xsdb_launch_script.tcl
22:49:56 INFO  : XSCT server has started successfully.
22:49:56 INFO  : Successfully done setting XSCT server connection channel  
22:49:56 INFO  : Successfully done setting SDK workspace  
22:49:56 INFO  : Processing command line option -hwspec G:/XILINX/EchoSmall/EchoSmall.sdk/BaseSystem_wrapper.hdf.
22:53:28 INFO  : Refreshed build settings on project BaseEcho_Echo
23:07:09 INFO  : Invoking Bootgen: bootgen -image BaseEcho_Echo.bif -arch zynq -o G:\XILINX\EchoSmall\EchoSmall.sdk\BaseEcho_Echo\bootimage\BOOT.bin
23:07:09 INFO  : Creating new bif file G:\XILINX\EchoSmall\EchoSmall.sdk\BaseEcho_Echo\bootimage\BaseEcho_Echo.bif
23:07:11 INFO  : Bootgen command execution is done.
14:57:46 INFO  : Registering command handlers for SDK TCF services
14:57:47 INFO  : Launching XSCT server: xsct.bat -interactive G:\XILINX\EchoSmall\EchoSmall.sdk\temp_xsdb_launch_script.tcl
14:57:50 INFO  : XSCT server has started successfully.
14:57:50 INFO  : Successfully done setting XSCT server connection channel  
14:57:51 INFO  : Successfully done setting SDK workspace  
14:57:51 INFO  : Processing command line option -hwspec G:/XILINX/EchoSmall/EchoSmall.sdk/BaseSystem_wrapper.hdf.
14:57:51 INFO  : Checking for hwspec changes in the project BaseSystem_wrapper_hw_platform_0.
14:57:55 INFO  : SDK has detected change in the last modified timestamps for source hardware specification file Source:1516834582446,  Project:1516776560056
14:57:55 INFO  : The hardware specification for project 'BaseSystem_wrapper_hw_platform_0' is different from G:/XILINX/EchoSmall/EchoSmall.sdk/BaseSystem_wrapper.hdf.
14:57:55 INFO  : Copied contents of G:/XILINX/EchoSmall/EchoSmall.sdk/BaseSystem_wrapper.hdf into \BaseSystem_wrapper_hw_platform_0\system.hdf.
14:57:59 INFO  : Synchronizing projects in the workspace with the hardware platform specification changes.
14:58:01 INFO  : 
14:58:04 INFO  : 
14:58:05 INFO  : Updating hardware inferred compiler options for BaseEcho_Echo.
14:58:05 INFO  : Updating hardware inferred compiler options for BaseEcho_FSBL.
14:58:05 INFO  : Clearing existing target manager status.
14:58:05 WARN  : Given IPC port value is invalid. Using default port 2350
14:58:05 WARN  : Given XMD timeout value is invalid. Using default value of 50000
14:58:08 WARN  : Given XMD transaction timeout value is invalid. Using default value of 60000 milli seconds
14:58:08 INFO  : Workspace synchronized with the new hardware specification file. Cleaning dependent projects...
14:58:12 WARN  : Linker script will not be updated automatically. Users need to update it manually.
15:00:56 INFO  : No changes in MSS file content so not generating sources.
15:01:30 INFO  : Successfully generated G:\XILINX\EchoSmall\EchoSmall.sdk\BaseEcho_Echo\src\lscript.ld.
15:01:30 INFO  : Applying linker script to all configurations of project BaseEcho_Echo.
15:01:30 INFO  : Setting rebuild state to true for all configurations of project BaseEcho_Echo.
15:04:49 INFO  : The new hardware specification file contains the same information as the current specification file. No changes were done to the workspace.
15:24:38 INFO  : Refreshed build settings on project BaseEcho_Echo
15:24:48 INFO  : Refreshed build settings on project BaseEcho_Echo
15:25:49 INFO  : Invoking Bootgen: bootgen -image BaseEcho_Echo.bif -arch zynq -o G:\XILINX\EchoSmall\EchoSmall.sdk\BaseEcho_Echo\bootimage\BOOT.bin -w on
15:25:52 INFO  : Bootgen command execution is done.
15:38:36 INFO  : SDK has detected change in the last modified timestamps for source hardware specification file Source:1516837041094,  Project:1516834582446
15:38:36 INFO  : Project BaseSystem_wrapper_hw_platform_0's source hardware specification located at G:/XILINX/EchoSmall/EchoSmall.sdk/BaseSystem_wrapper.hdf is now different from the local copy.
		 The local copy will be replaced with the source specification and your workspace will be updated.
15:38:37 INFO  : Copied contents of G:/XILINX/EchoSmall/EchoSmall.sdk/BaseSystem_wrapper.hdf into \BaseSystem_wrapper_hw_platform_0\system.hdf.
15:38:41 INFO  : Synchronizing projects in the workspace with the hardware platform specification changes.
15:38:43 INFO  : 
15:38:45 INFO  : 
15:38:46 INFO  : Updating hardware inferred compiler options for BaseEcho_Echo.
15:38:46 INFO  : Updating hardware inferred compiler options for BaseEcho_FSBL.
15:38:47 INFO  : Clearing existing target manager status.
15:38:47 INFO  : Workspace synchronized with the new hardware specification file. Cleaning dependent projects...
15:38:50 WARN  : Linker script will not be updated automatically. Users need to update it manually.
15:44:13 INFO  : Invoking Bootgen: bootgen -image BaseEcho_Echo.bif -arch zynq -o G:\XILINX\EchoSmall\EchoSmall.sdk\BaseEcho_Echo\bootimage\BOOT.bin -w on
15:44:15 INFO  : Bootgen command execution is done.
15:47:36 ERROR : Unexpected error while parsing XMD response ?: com.google.gson.JsonSyntaxException: com.google.gson.stream.MalformedJsonException: invalid number or unquoted string near 
22:31:55 INFO  : Registering command handlers for SDK TCF services
22:31:56 INFO  : Launching XSCT server: xsct.bat -interactive G:\XILINX\EchoSmall\EchoSmall.sdk\temp_xsdb_launch_script.tcl
22:31:59 INFO  : XSCT server has started successfully.
22:31:59 INFO  : Successfully done setting XSCT server connection channel  
22:31:59 INFO  : Successfully done setting SDK workspace  
22:31:59 INFO  : Processing command line option -hwspec G:/XILINX/EchoSmall/EchoSmall.sdk/BaseSystem_wrapper.hdf.
22:32:00 INFO  : Checking for hwspec changes in the project BaseSystem_wrapper_hw_platform_0.
22:32:04 INFO  : SDK has detected change in the last modified timestamps for source hardware specification file Source:1516948017870,  Project:1516837041094
22:32:04 INFO  : The hardware specification for project 'BaseSystem_wrapper_hw_platform_0' is different from G:/XILINX/EchoSmall/EchoSmall.sdk/BaseSystem_wrapper.hdf.
22:32:04 INFO  : Copied contents of G:/XILINX/EchoSmall/EchoSmall.sdk/BaseSystem_wrapper.hdf into \BaseSystem_wrapper_hw_platform_0\system.hdf.
22:32:09 INFO  : Synchronizing projects in the workspace with the hardware platform specification changes.
22:32:10 INFO  : 
22:32:12 INFO  : 
22:32:13 INFO  : Updating hardware inferred compiler options for BaseEcho_Echo.
22:32:14 INFO  : Updating hardware inferred compiler options for BaseEcho_FSBL.
22:32:14 INFO  : Clearing existing target manager status.
22:32:14 WARN  : Given IPC port value is invalid. Using default port 2350
22:32:14 WARN  : Given XMD timeout value is invalid. Using default value of 50000
22:32:17 WARN  : Given XMD transaction timeout value is invalid. Using default value of 60000 milli seconds
22:32:17 INFO  : Workspace synchronized with the new hardware specification file. Cleaning dependent projects...
22:32:23 WARN  : Linker script will not be updated automatically. Users need to update it manually.
22:38:47 INFO  : Refreshed build settings on project BaseEcho_Echo
22:38:54 INFO  : Refreshed build settings on project BaseEcho_Echo
22:50:03 ERROR : Unexpected error while parsing XMD response ?: com.google.gson.JsonSyntaxException: com.google.gson.stream.MalformedJsonException: invalid number or unquoted string near 
