#-----------------------------------------------------------
# Vivado v2017.3.1 (64-bit)
# SW Build 2035080 on Fri Oct 20 14:20:01 MDT 2017
# IP Build 2034413 on Fri Oct 20 15:56:25 MDT 2017
# Start of session at: Thu Jan 25 22:20:06 2018
# Process ID: 18196
# Current directory: G:/XILINX/EchoSmall
# Command line: vivado.exe -gui_launcher_event rodinguilauncherevent18408 G:\XILINX\EchoSmall\EchoSmall.xpr
# Log file: G:/XILINX/EchoSmall/vivado.log
# Journal file: G:/XILINX/EchoSmall\vivado.jou
#-----------------------------------------------------------
start_gui
open_project G:/XILINX/EchoSmall/EchoSmall.xpr
Scanning sources...
Finished scanning sources
INFO: [IP_Flow 19-234] Refreshing IP repositories
INFO: [IP_Flow 19-1700] Loaded user IP repository 'c:/Xilinx/Downloads/vivadoIPLib/ip'.
INFO: [IP_Flow 19-2313] Loaded Vivado IP repository 'C:/Xilinx/Vivado/2017.3/data/ip'.
open_project: Time (s): cpu = 00:00:17 ; elapsed = 00:00:09 . Memory (MB): peak = 784.469 ; gain = 82.504
update_compile_order -fileset sources_1
update_module_reference BaseSystem_Buttons2LEDs_0_1
INFO: [IP_Flow 19-4753] Inferred signal 'clock' from port 'clk' as interface 'clk'.
INFO: [IP_Flow 19-234] Refreshing IP repositories
INFO: [IP_Flow 19-1700] Loaded user IP repository 'c:/Xilinx/Downloads/vivadoIPLib/ip'.
Adding cell -- xilinx.com:ip:processing_system7:5.5 - processing_system7_0
Adding cell -- xilinx.com:module_ref:Buttons2LEDs:1.0 - Buttons2LEDs_0
Successfully read diagram <BaseSystem> from BD file <G:/XILINX/EchoSmall/EchoSmall.srcs/sources_1/bd/BaseSystem/BaseSystem.bd>
Upgrading 'G:/XILINX/EchoSmall/EchoSmall.srcs/sources_1/bd/BaseSystem/BaseSystem.bd'
INFO: [IP_Flow 19-1972] Upgraded BaseSystem_Buttons2LEDs_0_1 from Buttons2LEDs_v1_0 1.0 to Buttons2LEDs_v1_0 1.0
Wrote  : <G:/XILINX/EchoSmall/EchoSmall.srcs/sources_1/bd/BaseSystem/BaseSystem.bd> 
upgrade_ip: Time (s): cpu = 00:00:13 ; elapsed = 00:00:10 . Memory (MB): peak = 900.406 ; gain = 94.059
update_module_reference: Time (s): cpu = 00:00:14 ; elapsed = 00:00:11 . Memory (MB): peak = 900.406 ; gain = 94.059
reset_run synth_1
launch_runs impl_1 -to_step write_bitstream -jobs 8
WARNING: [BD 41-702] Propagation TCL tries to overwrite USER strength parameter PCW_M_AXI_GP0_FREQMHZ(10) on '/processing_system7_0' with propagated value(100). Command ignored
Wrote  : <G:/XILINX/EchoSmall/EchoSmall.srcs/sources_1/bd/BaseSystem/BaseSystem.bd> 
VHDL Output written to : G:/XILINX/EchoSmall/EchoSmall.srcs/sources_1/bd/BaseSystem/synth/BaseSystem.v
VHDL Output written to : G:/XILINX/EchoSmall/EchoSmall.srcs/sources_1/bd/BaseSystem/sim/BaseSystem.v
VHDL Output written to : G:/XILINX/EchoSmall/EchoSmall.srcs/sources_1/bd/BaseSystem/hdl/BaseSystem_wrapper.v
INFO: [BD 41-1029] Generation completed for the IP Integrator block processing_system7_0 .
INFO: [BD 41-1029] Generation completed for the IP Integrator block Buttons2LEDs_0 .
Exporting to file G:/XILINX/EchoSmall/EchoSmall.srcs/sources_1/bd/BaseSystem/hw_handoff/BaseSystem.hwh
Generated Block Design Tcl file G:/XILINX/EchoSmall/EchoSmall.srcs/sources_1/bd/BaseSystem/hw_handoff/BaseSystem_bd.tcl
Generated Hardware Definition File G:/XILINX/EchoSmall/EchoSmall.srcs/sources_1/bd/BaseSystem/synth/BaseSystem.hwdef
[Thu Jan 25 22:22:29 2018] Launched BaseSystem_Buttons2LEDs_0_1_synth_1, synth_1...
Run output will be captured here:
BaseSystem_Buttons2LEDs_0_1_synth_1: G:/XILINX/EchoSmall/EchoSmall.runs/BaseSystem_Buttons2LEDs_0_1_synth_1/runme.log
synth_1: G:/XILINX/EchoSmall/EchoSmall.runs/synth_1/runme.log
[Thu Jan 25 22:22:29 2018] Launched impl_1...
Run output will be captured here: G:/XILINX/EchoSmall/EchoSmall.runs/impl_1/runme.log
launch_runs: Time (s): cpu = 00:00:06 ; elapsed = 00:00:10 . Memory (MB): peak = 1006.824 ; gain = 95.121
file copy -force G:/XILINX/EchoSmall/EchoSmall.runs/impl_1/BaseSystem_wrapper.sysdef G:/XILINX/EchoSmall/EchoSmall.sdk/BaseSystem_wrapper.hdf

launch_sdk -workspace G:/XILINX/EchoSmall/EchoSmall.sdk -hwspec G:/XILINX/EchoSmall/EchoSmall.sdk/BaseSystem_wrapper.hdf
INFO: [Vivado 12-393] Launching SDK...
INFO: [Vivado 12-417] Running xsdk -workspace G:/XILINX/EchoSmall/EchoSmall.sdk -hwspec G:/XILINX/EchoSmall/EchoSmall.sdk/BaseSystem_wrapper.hdf
INFO: [Vivado 12-3157] SDK launch initiated. Please check console for any further messages.
exit
INFO: [Common 17-206] Exiting Vivado at Thu Jan 25 22:50:06 2018...
